{
  "RSpec": {
    "coverage": {
      "/Users/giorgio/Projects/RPS/RPS/app.rb": {
        "lines": [
          1,
          1,
          1,
          null,
          1,
          3,
          null,
          null,
          1,
          3,
          3,
          null,
          null,
          1,
          4,
          4,
          4,
          null,
          null,
          1,
          1,
          1,
          null,
          null,
          1,
          null
        ]
      },
      "/Users/giorgio/Projects/RPS/RPS/spec/features/rps_choice_spec.rb": {
        "lines": [
          1,
          null,
          1,
          1,
          2,
          2,
          2,
          null,
          null,
          1,
          1,
          1,
          1,
          null,
          null,
          1,
          1,
          1,
          null,
          null
        ]
      }
    },
    "timestamp": 1604259433
  }
}
